[debug] [2020-01-19T23:13:42.283Z] ----------------------------------------------------------------------
[debug] [2020-01-19T23:13:42.284Z] Command:       C:\Program Files\nodejs\node.exe C:\Users\voxac\AppData\Roaming\npm\node_modules\firebase-tools\lib\bin\firebase.js deploy
[debug] [2020-01-19T23:13:42.284Z] CLI Version:   7.12.1
[debug] [2020-01-19T23:13:42.284Z] Platform:      win32
[debug] [2020-01-19T23:13:42.284Z] Node Version:  v13.6.0
[debug] [2020-01-19T23:13:42.285Z] Time:          Mon Jan 20 2020 10:13:42 GMT+1100 (Australian Eastern Daylight Time)
[debug] [2020-01-19T23:13:42.285Z] ----------------------------------------------------------------------
[debug] [2020-01-19T23:13:42.285Z] 
[debug] [2020-01-19T23:13:42.291Z] > command requires scopes: ["email","openid","https://www.googleapis.com/auth/cloudplatformprojects.readonly","https://www.googleapis.com/auth/firebase","https://www.googleapis.com/auth/cloud-platform"]
[debug] [2020-01-19T23:13:42.292Z] > authorizing via signed-in user
[debug] [2020-01-19T23:13:42.292Z] [iam] checking project zoe-fitandfueled for permissions ["firebase.projects.get","firebasehosting.sites.update"]
[debug] [2020-01-19T23:13:42.293Z] >>> HTTP REQUEST POST https://cloudresourcemanager.googleapis.com/v1/projects/zoe-fitandfueled:testIamPermissions  

[debug] [2020-01-19T23:13:44.070Z] <<< HTTP RESPONSE 200
[debug] [2020-01-19T23:13:44.071Z] >>> HTTP REQUEST GET https://firebase.googleapis.com/v1beta1/projects/zoe-fitandfueled  
 
[debug] [2020-01-19T23:13:44.563Z] <<< HTTP RESPONSE 200
[info] 
[info] === Deploying to 'zoe-fitandfueled'...
[info] 
[info] i  deploying hosting
[debug] [2020-01-19T23:13:44.565Z] >>> HTTP REQUEST POST https://firebasehosting.googleapis.com/v1beta1/sites/zoe-fitandfueled/versions  

[debug] [2020-01-19T23:13:46.406Z] <<< HTTP RESPONSE 200
[info] i  hosting[zoe-fitandfueled]: beginning deploy...
[info] i  hosting[zoe-fitandfueled]: found 29 files in dist
[debug] [2020-01-19T23:13:46.423Z] [hosting] hash cache [ZGlzdA] stored for 29 files
[debug] [2020-01-19T23:13:46.423Z] [hosting][hash queue][FINAL]
[debug] [2020-01-19T23:13:46.424Z] >>> HTTP REQUEST POST https://firebasehosting.googleapis.com/v1beta1/sites/zoe-fitandfueled/versions/07bcf8faf12742e0:populateFiles  
 <request body omitted>
[debug] [2020-01-19T23:13:48.647Z] <<< HTTP RESPONSE 200
[debug] [2020-01-19T23:13:48.649Z] [hosting][populate queue][FINAL]
[debug] [2020-01-19T23:13:48.649Z] [hosting] uploads queued: 1
[debug] [2020-01-19T23:15:39.590Z] [uploadQueue] Retrying task 2f00fdf0cdc485d73fb82d2f8ee32cd7c1bb112619c9c263940efa7674bf8410
[debug] [2020-01-19T23:17:30.905Z] [uploadQueue] Retrying task 2f00fdf0cdc485d73fb82d2f8ee32cd7c1bb112619c9c263940efa7674bf8410
